  Cluster.cpp
  KMeans.cpp
C:\Users\mert1\OneDrive\Masaüstü\OBJECT ORIENTED PROGRAMMING PROJECTS\K-means clustering\151220202145_K-means clustering_Code\k means\matplotlibcpp.h(1817,57): warning C4244: '=': 'size_t' - '_Ty' dönüşümü; veri kaybı olabilir
C:\Users\mert1\OneDrive\Masaüstü\OBJECT ORIENTED PROGRAMMING PROJECTS\K-means clustering\151220202145_K-means clustering_Code\k means\matplotlibcpp.h(1817,57): warning C4244:         with
C:\Users\mert1\OneDrive\Masaüstü\OBJECT ORIENTED PROGRAMMING PROJECTS\K-means clustering\151220202145_K-means clustering_Code\k means\matplotlibcpp.h(1817,57): warning C4244:         [
C:\Users\mert1\OneDrive\Masaüstü\OBJECT ORIENTED PROGRAMMING PROJECTS\K-means clustering\151220202145_K-means clustering_Code\k means\matplotlibcpp.h(1817,57): warning C4244:             _Ty=double
C:\Users\mert1\OneDrive\Masaüstü\OBJECT ORIENTED PROGRAMMING PROJECTS\K-means clustering\151220202145_K-means clustering_Code\k means\matplotlibcpp.h(1817,57): warning C4244:         ]
  ('KMeans.cpp' kaynak dosyası derleniyor)
  C:\Users\mert1\OneDrive\Masaüstü\OBJECT ORIENTED PROGRAMMING PROJECTS\K-means clustering\151220202145_K-means clustering_Code\k means\matplotlibcpp.h(1817,57):
  şablon örneği oluşturma bağlamı (önce en eski olan)
  	C:\Users\mert1\OneDrive\Masaüstü\OBJECT ORIENTED PROGRAMMING PROJECTS\K-means clustering\151220202145_K-means clustering_Code\k means\matplotlibcpp.h(2884,16):
  	derlenen şablon işlevi 'bool matplotlibcpp::plot<double>(const std::vector<double,std::allocator<double>> &,const std::string &)' örneği oluşturma başvurusuna bakın
  
C:\Users\mert1\OneDrive\Masaüstü\OBJECT ORIENTED PROGRAMMING PROJECTS\K-means clustering\151220202145_K-means clustering_Code\k means\matplotlibcpp.h(1009,59): warning C4244: 'bağımsız değişken': 'const double' - 'long' dönüşümü; veri kaybı olabilir
  ('KMeans.cpp' kaynak dosyası derleniyor)
  C:\Users\mert1\OneDrive\Masaüstü\OBJECT ORIENTED PROGRAMMING PROJECTS\K-means clustering\151220202145_K-means clustering_Code\k means\matplotlibcpp.h(1009,59):
  şablon örneği oluşturma bağlamı (önce en eski olan)
  	C:\Users\mert1\OneDrive\Masaüstü\OBJECT ORIENTED PROGRAMMING PROJECTS\K-means clustering\151220202145_K-means clustering_Code\k means\KMeans.cpp(167,14):
  	derlenen şablon işlevi 'bool matplotlibcpp::scatter<double,double>(const std::vector<double,std::allocator<double>> &,const std::vector<double,std::allocator<double>> &,const double,const std::map<std::string,std::string,std::less<std::string>,std::allocator<std::pair<const std::string,std::string>>> &)' örneği oluşturma başvurusuna bakın
  
  Location.cpp
  main.cpp
C:\Users\mert1\OneDrive\Masaüstü\OBJECT ORIENTED PROGRAMMING PROJECTS\K-means clustering\151220202145_K-means clustering_Code\k means\matplotlibcpp.h(1817,57): warning C4244: '=': 'size_t' - '_Ty' dönüşümü; veri kaybı olabilir
C:\Users\mert1\OneDrive\Masaüstü\OBJECT ORIENTED PROGRAMMING PROJECTS\K-means clustering\151220202145_K-means clustering_Code\k means\matplotlibcpp.h(1817,57): warning C4244:         with
C:\Users\mert1\OneDrive\Masaüstü\OBJECT ORIENTED PROGRAMMING PROJECTS\K-means clustering\151220202145_K-means clustering_Code\k means\matplotlibcpp.h(1817,57): warning C4244:         [
C:\Users\mert1\OneDrive\Masaüstü\OBJECT ORIENTED PROGRAMMING PROJECTS\K-means clustering\151220202145_K-means clustering_Code\k means\matplotlibcpp.h(1817,57): warning C4244:             _Ty=double
C:\Users\mert1\OneDrive\Masaüstü\OBJECT ORIENTED PROGRAMMING PROJECTS\K-means clustering\151220202145_K-means clustering_Code\k means\matplotlibcpp.h(1817,57): warning C4244:         ]
  ('main.cpp' kaynak dosyası derleniyor)
  C:\Users\mert1\OneDrive\Masaüstü\OBJECT ORIENTED PROGRAMMING PROJECTS\K-means clustering\151220202145_K-means clustering_Code\k means\matplotlibcpp.h(1817,57):
  şablon örneği oluşturma bağlamı (önce en eski olan)
  	C:\Users\mert1\OneDrive\Masaüstü\OBJECT ORIENTED PROGRAMMING PROJECTS\K-means clustering\151220202145_K-means clustering_Code\k means\matplotlibcpp.h(2884,16):
  	derlenen şablon işlevi 'bool matplotlibcpp::plot<double>(const std::vector<double,std::allocator<double>> &,const std::string &)' örneği oluşturma başvurusuna bakın
  
  Sample.cpp
  Kod üretiliyor
  7 of 643 functions ( 1.1%) were compiled, the rest were copied from previous compilation.
    0 functions were new in current compilation
    5 functions had inline decision re-evaluated but remain unchanged
  Kodun üretilmesi tamamlandı
  k means.vcxproj -> C:\Users\mert1\OneDrive\Masaüstü\OBJECT ORIENTED PROGRAMMING PROJECTS\K-means clustering\151220202145_K-means clustering_Code\x64\Release\k means.exe
  'pwsh.exe' is not recognized as an internal or external command,
  operable program or batch file.
